C:\USERS\LEPROV_A\WORKSPACE\TMP\RTYPE\ENGINE\DEBUG\HGAUGE.OBJ
C:\USERS\LEPROV_A\WORKSPACE\TMP\RTYPE\ENGINE\DEBUG\HPARALLAX.OBJ
C:\USERS\LEPROV_A\WORKSPACE\TMP\RTYPE\ENGINE\DEBUG\HSLIDER.OBJ
C:\USERS\LEPROV_A\WORKSPACE\TMP\RTYPE\ENGINE\DEBUG\HSLIDERCALLBACK.OBJ
C:\USERS\LEPROV_A\WORKSPACE\TMP\RTYPE\ENGINE\DEBUG\KEYBOARDEVENT.OBJ
C:\USERS\LEPROV_A\WORKSPACE\TMP\RTYPE\ENGINE\DEBUG\LABEL.OBJ
C:\USERS\LEPROV_A\WORKSPACE\TMP\RTYPE\ENGINE\DEBUG\LISTBOX.OBJ
C:\USERS\LEPROV_A\WORKSPACE\TMP\RTYPE\ENGINE\DEBUG\LISTBOXCALLBACK.OBJ
C:\USERS\LEPROV_A\WORKSPACE\TMP\RTYPE\ENGINE\DEBUG\MOUSEEVENT.OBJ
C:\USERS\LEPROV_A\WORKSPACE\TMP\RTYPE\ENGINE\DEBUG\NETWORKEVENT.OBJ
C:\USERS\LEPROV_A\WORKSPACE\TMP\RTYPE\ENGINE\DEBUG\SLIDERCURSOR.OBJ
C:\USERS\LEPROV_A\WORKSPACE\TMP\RTYPE\ENGINE\DEBUG\SLIDERCURSORCALLBACK.OBJ
C:\USERS\LEPROV_A\WORKSPACE\TMP\RTYPE\ENGINE\DEBUG\TEXTBOX.OBJ
C:\USERS\LEPROV_A\WORKSPACE\TMP\RTYPE\ENGINE\DEBUG\TEXTBOXCALLBACK.OBJ
C:\USERS\LEPROV_A\WORKSPACE\TMP\RTYPE\ENGINE\DEBUG\VGAUGE.OBJ
C:\USERS\LEPROV_A\WORKSPACE\TMP\RTYPE\ENGINE\DEBUG\VPARALLAX.OBJ
C:\USERS\LEPROV_A\WORKSPACE\TMP\RTYPE\ENGINE\DEBUG\VSLIDER.OBJ
C:\USERS\LEPROV_A\WORKSPACE\TMP\RTYPE\ENGINE\DEBUG\VSLIDERCALLBACK.OBJ
C:\USERS\LEPROV_A\WORKSPACE\TMP\RTYPE\ENGINE\DEBUG\WIDGET.OBJ
C:\USERS\LEPROV_A\WORKSPACE\TMP\RTYPE\ENGINE\DEBUG\WINDOWEVENT.OBJ
C:\USERS\LEPROV_A\WORKSPACE\TMP\RTYPE\ENGINE\DEBUG\ARENDERMODULE.OBJ
C:\USERS\LEPROV_A\WORKSPACE\TMP\RTYPE\ENGINE\DEBUG\ASHIELDCOMPONENT.OBJ
C:\USERS\LEPROV_A\WORKSPACE\TMP\RTYPE\ENGINE\DEBUG\ASHOOTCOMPONENT.OBJ
C:\USERS\LEPROV_A\WORKSPACE\TMP\RTYPE\ENGINE\DEBUG\ASLIDER.OBJ
C:\USERS\LEPROV_A\WORKSPACE\TMP\RTYPE\ENGINE\DEBUG\ASOUNDMODULE.OBJ
C:\USERS\LEPROV_A\WORKSPACE\TMP\RTYPE\ENGINE\DEBUG\ASOURCEMODULE.OBJ
C:\USERS\LEPROV_A\WORKSPACE\TMP\RTYPE\ENGINE\DEBUG\ASPEEDCOMPONENT.OBJ
C:\USERS\LEPROV_A\WORKSPACE\TMP\RTYPE\ENGINE\DEBUG\ASTATE.OBJ
C:\USERS\LEPROV_A\WORKSPACE\TMP\RTYPE\ENGINE\DEBUG\ASTATEMODULE.OBJ
C:\USERS\LEPROV_A\WORKSPACE\TMP\RTYPE\ENGINE\DEBUG\BACKGROUND.OBJ
C:\USERS\LEPROV_A\WORKSPACE\TMP\RTYPE\ENGINE\DEBUG\BUTTON.OBJ
C:\USERS\LEPROV_A\WORKSPACE\TMP\RTYPE\ENGINE\DEBUG\BUTTONCALLBACK.OBJ
C:\USERS\LEPROV_A\WORKSPACE\TMP\RTYPE\ENGINE\DEBUG\CALLBACK.OBJ
C:\USERS\LEPROV_A\WORKSPACE\TMP\RTYPE\ENGINE\DEBUG\CHECKBOX.OBJ
C:\USERS\LEPROV_A\WORKSPACE\TMP\RTYPE\ENGINE\DEBUG\CHECKBOXCALLBACK.OBJ
C:\USERS\LEPROV_A\WORKSPACE\TMP\RTYPE\ENGINE\DEBUG\CORE.OBJ
C:\USERS\LEPROV_A\WORKSPACE\TMP\RTYPE\ENGINE\DEBUG\EVENT.OBJ
C:\USERS\LEPROV_A\WORKSPACE\TMP\RTYPE\ENGINE\DEBUG\EVENTLISTENER.OBJ
C:\USERS\LEPROV_A\WORKSPACE\TMP\RTYPE\ENGINE\DEBUG\GAMEOBJECT.OBJ
C:\USERS\LEPROV_A\WORKSPACE\TMP\RTYPE\ENGINE\DEBUG\GOVERNOR.OBJ
C:\USERS\LEPROV_A\WORKSPACE\TMP\RTYPE\ENGINE\DEBUG\AARMORCOMPONENT.OBJ
C:\USERS\LEPROV_A\WORKSPACE\TMP\RTYPE\ENGINE\DEBUG\ACOLLIDORCOMPONENT.OBJ
C:\USERS\LEPROV_A\WORKSPACE\TMP\RTYPE\ENGINE\DEBUG\ACOMPONENT.OBJ
C:\USERS\LEPROV_A\WORKSPACE\TMP\RTYPE\ENGINE\DEBUG\ADATAMODULE.OBJ
C:\USERS\LEPROV_A\WORKSPACE\TMP\RTYPE\ENGINE\DEBUG\AEVENTDISPATCHER.OBJ
C:\USERS\LEPROV_A\WORKSPACE\TMP\RTYPE\ENGINE\DEBUG\AEVENTMODULE.OBJ
C:\USERS\LEPROV_A\WORKSPACE\TMP\RTYPE\ENGINE\DEBUG\AFACTORYMODULE.OBJ
C:\USERS\LEPROV_A\WORKSPACE\TMP\RTYPE\ENGINE\DEBUG\AGAUGE.OBJ
C:\USERS\LEPROV_A\WORKSPACE\TMP\RTYPE\ENGINE\DEBUG\AINVINCIBILITYCOMPONENT.OBJ
C:\USERS\LEPROV_A\WORKSPACE\TMP\RTYPE\ENGINE\DEBUG\ALIFECOMPONENT.OBJ
C:\USERS\LEPROV_A\WORKSPACE\TMP\RTYPE\ENGINE\DEBUG\AMODULE.OBJ
C:\USERS\LEPROV_A\WORKSPACE\TMP\RTYPE\ENGINE\DEBUG\AMOVECOMPONENT.OBJ
C:\USERS\LEPROV_A\WORKSPACE\TMP\RTYPE\ENGINE\DEBUG\ANETWORKMODULE.OBJ
C:\USERS\LEPROV_A\WORKSPACE\TMP\RTYPE\ENGINE\DEBUG\APARALLAX.OBJ
C:\USERS\LEPROV_A\WORKSPACE\TMP\RTYPE\ENGINE\DEBUG\ARENDERCOMPONENT.OBJ
C:\USERS\LEPROV_A\WORKSPACE\TMP\RTYPE\ENGINE\DEBUG\VC110.PDB
C:\USERS\LEPROV_A\WORKSPACE\TMP\RTYPE\DEBUG\ENGINE.LIB
C:\Users\leprov_a\workspace\tmp\rtype\Engine\Debug\AArmorComponent.obj
C:\Users\leprov_a\workspace\tmp\rtype\Engine\Debug\ACollidorComponent.obj
C:\Users\leprov_a\workspace\tmp\rtype\Engine\Debug\AComponent.obj
C:\Users\leprov_a\workspace\tmp\rtype\Engine\Debug\ADataModule.obj
C:\Users\leprov_a\workspace\tmp\rtype\Engine\Debug\AEventDispatcher.obj
C:\Users\leprov_a\workspace\tmp\rtype\Engine\Debug\AEventModule.obj
C:\Users\leprov_a\workspace\tmp\rtype\Engine\Debug\AFactoryModule.obj
C:\Users\leprov_a\workspace\tmp\rtype\Engine\Debug\AGauge.obj
C:\Users\leprov_a\workspace\tmp\rtype\Engine\Debug\AInvincibilityComponent.obj
C:\Users\leprov_a\workspace\tmp\rtype\Engine\Debug\ALifeComponent.obj
C:\Users\leprov_a\workspace\tmp\rtype\Engine\Debug\AModule.obj
C:\Users\leprov_a\workspace\tmp\rtype\Engine\Debug\AMoveComponent.obj
C:\Users\leprov_a\workspace\tmp\rtype\Engine\Debug\ANetworkModule.obj
C:\Users\leprov_a\workspace\tmp\rtype\Engine\Debug\AParallax.obj
C:\Users\leprov_a\workspace\tmp\rtype\Engine\Debug\ARenderComponent.obj
C:\Users\leprov_a\workspace\tmp\rtype\Engine\Debug\ARenderModule.obj
C:\Users\leprov_a\workspace\tmp\rtype\Engine\Debug\AShieldComponent.obj
C:\Users\leprov_a\workspace\tmp\rtype\Engine\Debug\AShootComponent.obj
C:\Users\leprov_a\workspace\tmp\rtype\Engine\Debug\ASlider.obj
C:\Users\leprov_a\workspace\tmp\rtype\Engine\Debug\ASoundModule.obj
C:\Users\leprov_a\workspace\tmp\rtype\Engine\Debug\ASourceModule.obj
C:\Users\leprov_a\workspace\tmp\rtype\Engine\Debug\ASpeedComponent.obj
C:\Users\leprov_a\workspace\tmp\rtype\Engine\Debug\AState.obj
C:\Users\leprov_a\workspace\tmp\rtype\Engine\Debug\AStateModule.obj
C:\Users\leprov_a\workspace\tmp\rtype\Engine\Debug\Background.obj
C:\Users\leprov_a\workspace\tmp\rtype\Engine\Debug\Button.obj
C:\Users\leprov_a\workspace\tmp\rtype\Engine\Debug\ButtonCallback.obj
C:\Users\leprov_a\workspace\tmp\rtype\Engine\Debug\Callback.obj
C:\Users\leprov_a\workspace\tmp\rtype\Engine\Debug\CheckBox.obj
C:\Users\leprov_a\workspace\tmp\rtype\Engine\Debug\CheckBoxCallBack.obj
C:\Users\leprov_a\workspace\tmp\rtype\Engine\Debug\Core.obj
C:\Users\leprov_a\workspace\tmp\rtype\Engine\Debug\Event.obj
C:\Users\leprov_a\workspace\tmp\rtype\Engine\Debug\EventListener.obj
C:\Users\leprov_a\workspace\tmp\rtype\Engine\Debug\GameObject.obj
C:\Users\leprov_a\workspace\tmp\rtype\Engine\Debug\Governor.obj
C:\Users\leprov_a\workspace\tmp\rtype\Engine\Debug\HGauge.obj
C:\Users\leprov_a\workspace\tmp\rtype\Engine\Debug\HParallax.obj
C:\Users\leprov_a\workspace\tmp\rtype\Engine\Debug\HSlider.obj
C:\Users\leprov_a\workspace\tmp\rtype\Engine\Debug\HSliderCallback.obj
C:\Users\leprov_a\workspace\tmp\rtype\Engine\Debug\KeyboardEvent.obj
C:\Users\leprov_a\workspace\tmp\rtype\Engine\Debug\Label.obj
C:\Users\leprov_a\workspace\tmp\rtype\Engine\Debug\ListBox.obj
C:\Users\leprov_a\workspace\tmp\rtype\Engine\Debug\ListBoxCallback.obj
C:\Users\leprov_a\workspace\tmp\rtype\Engine\Debug\MouseEvent.obj
C:\Users\leprov_a\workspace\tmp\rtype\Engine\Debug\NetworkEvent.obj
C:\Users\leprov_a\workspace\tmp\rtype\Engine\Debug\SliderCursor.obj
C:\Users\leprov_a\workspace\tmp\rtype\Engine\Debug\SliderCursorCallback.obj
C:\Users\leprov_a\workspace\tmp\rtype\Engine\Debug\TextBox.obj
C:\Users\leprov_a\workspace\tmp\rtype\Engine\Debug\TextBoxCallback.obj
C:\Users\leprov_a\workspace\tmp\rtype\Engine\Debug\VGauge.obj
C:\Users\leprov_a\workspace\tmp\rtype\Engine\Debug\VParallax.obj
C:\Users\leprov_a\workspace\tmp\rtype\Engine\Debug\VSlider.obj
C:\Users\leprov_a\workspace\tmp\rtype\Engine\Debug\VSliderCallback.obj
C:\Users\leprov_a\workspace\tmp\rtype\Engine\Debug\Widget.obj
C:\Users\leprov_a\workspace\tmp\rtype\Engine\Debug\WindowEvent.obj
C:\Users\leprov_a\workspace\tmp\rtype\Engine\Debug\cl.command.1.tlog
C:\Users\leprov_a\workspace\tmp\rtype\Engine\Debug\CL.read.1.tlog
C:\Users\leprov_a\workspace\tmp\rtype\Engine\Debug\CL.write.1.tlog
C:\Users\leprov_a\workspace\tmp\rtype\Engine\Debug\Lib-link.read.1.tlog
C:\Users\leprov_a\workspace\tmp\rtype\Engine\Debug\Lib-link.write.1.tlog
C:\Users\leprov_a\workspace\tmp\rtype\Engine\Debug\lib.command.1.tlog
C:\Users\leprov_a\workspace\tmp\rtype\Engine\Debug\vc110.idb
C:\Users\leprov_a\workspace\tmp\rtype\Engine\Debug\vc110.pdb
C:\Users\leprov_a\workspace\tmp\rtype\Debug\Engine.lib
