C:\USERS\LEPROV_A\WORKSPACE\TMP\RTYPE\NETWORK\DEBUG\AGGREGATOR.OBJ
C:\USERS\LEPROV_A\WORKSPACE\TMP\RTYPE\NETWORK\DEBUG\APACKET.OBJ
C:\USERS\LEPROV_A\WORKSPACE\TMP\RTYPE\NETWORK\DEBUG\ASOCKET.OBJ
C:\USERS\LEPROV_A\WORKSPACE\TMP\RTYPE\NETWORK\DEBUG\BINARYSTREAM.OBJ
C:\USERS\LEPROV_A\WORKSPACE\TMP\RTYPE\NETWORK\DEBUG\CLIENT.OBJ
C:\USERS\LEPROV_A\WORKSPACE\TMP\RTYPE\NETWORK\DEBUG\INTERNALMESSAGE.OBJ
C:\USERS\LEPROV_A\WORKSPACE\TMP\RTYPE\NETWORK\DEBUG\MESSAGE.OBJ
C:\USERS\LEPROV_A\WORKSPACE\TMP\RTYPE\NETWORK\DEBUG\MESSAGEFACTORY.OBJ
C:\USERS\LEPROV_A\WORKSPACE\TMP\RTYPE\NETWORK\DEBUG\SERVER.OBJ
C:\USERS\LEPROV_A\WORKSPACE\TMP\RTYPE\NETWORK\DEBUG\WSOCKET.OBJ
C:\USERS\LEPROV_A\WORKSPACE\TMP\RTYPE\NETWORK\DEBUG\VC110.PDB
C:\USERS\LEPROV_A\WORKSPACE\TMP\RTYPE\DEBUG\NETWORK.LIB
C:\Users\leprov_a\workspace\tmp\rtype\Network\Debug\Aggregator.obj
C:\Users\leprov_a\workspace\tmp\rtype\Network\Debug\APacket.obj
C:\Users\leprov_a\workspace\tmp\rtype\Network\Debug\ASocket.obj
C:\Users\leprov_a\workspace\tmp\rtype\Network\Debug\BinaryStream.obj
C:\Users\leprov_a\workspace\tmp\rtype\Network\Debug\Client.obj
C:\Users\leprov_a\workspace\tmp\rtype\Network\Debug\InternalMessage.obj
C:\Users\leprov_a\workspace\tmp\rtype\Network\Debug\Message.obj
C:\Users\leprov_a\workspace\tmp\rtype\Network\Debug\MessageFactory.obj
C:\Users\leprov_a\workspace\tmp\rtype\Network\Debug\Server.obj
C:\Users\leprov_a\workspace\tmp\rtype\Network\Debug\WSocket.obj
C:\Users\leprov_a\workspace\tmp\rtype\Network\Debug\cl.command.1.tlog
C:\Users\leprov_a\workspace\tmp\rtype\Network\Debug\CL.read.1.tlog
C:\Users\leprov_a\workspace\tmp\rtype\Network\Debug\CL.write.1.tlog
C:\Users\leprov_a\workspace\tmp\rtype\Network\Debug\Lib-link.read.1.tlog
C:\Users\leprov_a\workspace\tmp\rtype\Network\Debug\Lib-link.write.1.tlog
C:\Users\leprov_a\workspace\tmp\rtype\Network\Debug\lib.command.1.tlog
C:\Users\leprov_a\workspace\tmp\rtype\Network\Debug\vc110.idb
C:\Users\leprov_a\workspace\tmp\rtype\Network\Debug\vc110.pdb
C:\Users\leprov_a\workspace\tmp\rtype\Debug\Network.lib
