C:\USERS\LEPROV_A\WORKSPACE\TMP\RTYPE\CLIENT\DEBUG\MOVE2DCOMPONENT.OBJ
C:\USERS\LEPROV_A\WORKSPACE\TMP\RTYPE\CLIENT\DEBUG\POSITION2DCOMPONENT.OBJ
C:\USERS\LEPROV_A\WORKSPACE\TMP\RTYPE\CLIENT\DEBUG\SFMLANIMATION.OBJ
C:\USERS\LEPROV_A\WORKSPACE\TMP\RTYPE\CLIENT\DEBUG\CONFIGURATION.OBJ
C:\USERS\LEPROV_A\WORKSPACE\TMP\RTYPE\CLIENT\DEBUG\CONNECTIONCALLBACK.OBJ
C:\USERS\LEPROV_A\WORKSPACE\TMP\RTYPE\CLIENT\DEBUG\CONNECTIONSTATE.OBJ
C:\USERS\LEPROV_A\WORKSPACE\TMP\RTYPE\CLIENT\DEBUG\GAMESTATE.OBJ
C:\USERS\LEPROV_A\WORKSPACE\TMP\RTYPE\CLIENT\DEBUG\FACTORYMODULE.OBJ
C:\USERS\LEPROV_A\WORKSPACE\TMP\RTYPE\CLIENT\DEBUG\LISTENERTCP.OBJ
C:\USERS\LEPROV_A\WORKSPACE\TMP\RTYPE\CLIENT\DEBUG\MAIN.OBJ
C:\USERS\LEPROV_A\WORKSPACE\TMP\RTYPE\CLIENT\DEBUG\NETWORKMODULE.OBJ
C:\USERS\LEPROV_A\WORKSPACE\TMP\RTYPE\CLIENT\DEBUG\PLAYSTATE.OBJ
C:\USERS\LEPROV_A\WORKSPACE\TMP\RTYPE\CLIENT\DEBUG\SOURCEMODULE.OBJ
C:\USERS\LEPROV_A\WORKSPACE\TMP\RTYPE\CLIENT\DEBUG\STATE.OBJ
C:\USERS\LEPROV_A\WORKSPACE\TMP\RTYPE\CLIENT\DEBUG\TCPPACKET.OBJ
C:\USERS\LEPROV_A\WORKSPACE\TMP\RTYPE\CLIENT\DEBUG\SFMLTEXT.OBJ
C:\USERS\LEPROV_A\WORKSPACE\TMP\RTYPE\CLIENT\DEBUG\UDPPACKET.OBJ
C:\USERS\LEPROV_A\WORKSPACE\TMP\RTYPE\CLIENT\DEBUG\VC110.PDB
C:\USERS\LEPROV_A\WORKSPACE\TMP\RTYPE\CLIENT\DEBUG\DATAMODULE.OBJ
C:\USERS\LEPROV_A\WORKSPACE\TMP\RTYPE\CLIENT\DEBUG\EVENTMODULE.OBJ
C:\USERS\LEPROV_A\WORKSPACE\TMP\RTYPE\CLIENT\DEBUG\RENDERMODULE.OBJ
C:\USERS\LEPROV_A\WORKSPACE\TMP\RTYPE\CLIENT\DEBUG\SFMLINPUT.OBJ
C:\USERS\LEPROV_A\WORKSPACE\TMP\RTYPE\CLIENT\DEBUG\SFMLRENDER.OBJ
C:\USERS\LEPROV_A\WORKSPACE\TMP\RTYPE\CLIENT\DEBUG\STATEMODULE.OBJ
C:\USERS\LEPROV_A\WORKSPACE\TMP\RTYPE\CLIENT\DEBUG\SFMLIMAGE.OBJ
C:\USERS\LEPROV_A\WORKSPACE\TMP\RTYPE\CLIENT\DEBUG\SPEEDCONSTANTCOMPONENT.OBJ
C:\USERS\LEPROV_A\WORKSPACE\TMP\RTYPE\CLIENT\DEBUG\VECTOR2DCOMPONENT.OBJ
C:\USERS\LEPROV_A\WORKSPACE\TMP\RTYPE\CLIENT\DEBUG\GAMEOBJECTFACTORY.OBJ
C:\USERS\LEPROV_A\WORKSPACE\TMP\RTYPE\CLIENT\DEBUG\LIFECONSTANTCOMPONENT.OBJ
C:\USERS\LEPROV_A\WORKSPACE\TMP\RTYPE\CLIENT\DEBUG\ARMORCONSTANTCOMPONENT.OBJ
C:\USERS\LEPROV_A\WORKSPACE\TMP\RTYPE\DEBUG\CLIENT.ILK
C:\USERS\LEPROV_A\WORKSPACE\TMP\RTYPE\DEBUG\CLIENT.EXE
C:\USERS\LEPROV_A\WORKSPACE\TMP\RTYPE\DEBUG\CLIENT.PDB
C:\Users\leprov_a\workspace\tmp\rtype\Client\Debug\Client.vcxprojResolveAssemblyReference.cache
C:\Users\leprov_a\workspace\tmp\rtype\Client\Debug\ArmorConstantComponent.obj
C:\Users\leprov_a\workspace\tmp\rtype\Client\Debug\Configuration.obj
C:\Users\leprov_a\workspace\tmp\rtype\Client\Debug\ConnectionCallback.obj
C:\Users\leprov_a\workspace\tmp\rtype\Client\Debug\ConnectionState.obj
C:\Users\leprov_a\workspace\tmp\rtype\Client\Debug\DataModule.obj
C:\Users\leprov_a\workspace\tmp\rtype\Client\Debug\EventModule.obj
C:\Users\leprov_a\workspace\tmp\rtype\Client\Debug\FactoryModule.obj
C:\Users\leprov_a\workspace\tmp\rtype\Client\Debug\GameObjectFactory.obj
C:\Users\leprov_a\workspace\tmp\rtype\Client\Debug\GameState.obj
C:\Users\leprov_a\workspace\tmp\rtype\Client\Debug\LifeConstantComponent.obj
C:\Users\leprov_a\workspace\tmp\rtype\Client\Debug\ListenerTCP.obj
C:\Users\leprov_a\workspace\tmp\rtype\Client\Debug\main.obj
C:\Users\leprov_a\workspace\tmp\rtype\Client\Debug\Move2DComponent.obj
C:\Users\leprov_a\workspace\tmp\rtype\Client\Debug\NetworkModule.obj
C:\Users\leprov_a\workspace\tmp\rtype\Client\Debug\PlayState.obj
C:\Users\leprov_a\workspace\tmp\rtype\Client\Debug\Position2DComponent.obj
C:\Users\leprov_a\workspace\tmp\rtype\Client\Debug\RenderModule.obj
C:\Users\leprov_a\workspace\tmp\rtype\Client\Debug\SFMLAnimation.obj
C:\Users\leprov_a\workspace\tmp\rtype\Client\Debug\SFMLImage.obj
C:\Users\leprov_a\workspace\tmp\rtype\Client\Debug\SFMLInput.obj
C:\Users\leprov_a\workspace\tmp\rtype\Client\Debug\SFMLRender.obj
C:\Users\leprov_a\workspace\tmp\rtype\Client\Debug\SFMLText.obj
C:\Users\leprov_a\workspace\tmp\rtype\Client\Debug\SourceModule.obj
C:\Users\leprov_a\workspace\tmp\rtype\Client\Debug\SpeedConstantComponent.obj
C:\Users\leprov_a\workspace\tmp\rtype\Client\Debug\State.obj
C:\Users\leprov_a\workspace\tmp\rtype\Client\Debug\StateModule.obj
C:\Users\leprov_a\workspace\tmp\rtype\Client\Debug\TCPPacket.obj
C:\Users\leprov_a\workspace\tmp\rtype\Client\Debug\UDPPacket.obj
C:\Users\leprov_a\workspace\tmp\rtype\Client\Debug\Vector2DComponent.obj
C:\Users\leprov_a\workspace\tmp\rtype\Client\Debug\cl.command.1.tlog
C:\Users\leprov_a\workspace\tmp\rtype\Client\Debug\CL.read.1.tlog
C:\Users\leprov_a\workspace\tmp\rtype\Client\Debug\CL.write.1.tlog
C:\Users\leprov_a\workspace\tmp\rtype\Client\Debug\link-cvtres.read.1.tlog
C:\Users\leprov_a\workspace\tmp\rtype\Client\Debug\link-cvtres.write.1.tlog
C:\Users\leprov_a\workspace\tmp\rtype\Client\Debug\link-rc.read.1.tlog
C:\Users\leprov_a\workspace\tmp\rtype\Client\Debug\link-rc.write.1.tlog
C:\Users\leprov_a\workspace\tmp\rtype\Client\Debug\link.4172-cvtres.read.1.tlog
C:\Users\leprov_a\workspace\tmp\rtype\Client\Debug\link.4172-cvtres.write.1.tlog
C:\Users\leprov_a\workspace\tmp\rtype\Client\Debug\link.4172-rc.read.1.tlog
C:\Users\leprov_a\workspace\tmp\rtype\Client\Debug\link.4172-rc.write.1.tlog
C:\Users\leprov_a\workspace\tmp\rtype\Client\Debug\link.4172.read.1.tlog
C:\Users\leprov_a\workspace\tmp\rtype\Client\Debug\link.4172.write.1.tlog
C:\Users\leprov_a\workspace\tmp\rtype\Client\Debug\link.4488-cvtres.read.1.tlog
C:\Users\leprov_a\workspace\tmp\rtype\Client\Debug\link.4488-cvtres.write.1.tlog
C:\Users\leprov_a\workspace\tmp\rtype\Client\Debug\link.4488-rc.read.1.tlog
C:\Users\leprov_a\workspace\tmp\rtype\Client\Debug\link.4488-rc.write.1.tlog
C:\Users\leprov_a\workspace\tmp\rtype\Client\Debug\link.4488.read.1.tlog
C:\Users\leprov_a\workspace\tmp\rtype\Client\Debug\link.4488.write.1.tlog
C:\Users\leprov_a\workspace\tmp\rtype\Client\Debug\link.5076-cvtres.read.1.tlog
C:\Users\leprov_a\workspace\tmp\rtype\Client\Debug\link.5076-cvtres.write.1.tlog
C:\Users\leprov_a\workspace\tmp\rtype\Client\Debug\link.5076-rc.read.1.tlog
C:\Users\leprov_a\workspace\tmp\rtype\Client\Debug\link.5076-rc.write.1.tlog
C:\Users\leprov_a\workspace\tmp\rtype\Client\Debug\link.5076.read.1.tlog
C:\Users\leprov_a\workspace\tmp\rtype\Client\Debug\link.5076.write.1.tlog
C:\Users\leprov_a\workspace\tmp\rtype\Client\Debug\link.command.1.tlog
C:\Users\leprov_a\workspace\tmp\rtype\Client\Debug\link.read.1.tlog
C:\Users\leprov_a\workspace\tmp\rtype\Client\Debug\link.write.1.tlog
C:\Users\leprov_a\workspace\tmp\rtype\Client\Debug\vc110.idb
C:\Users\leprov_a\workspace\tmp\rtype\Client\Debug\vc110.pdb
C:\Users\leprov_a\workspace\tmp\rtype\Debug\Client.pdb
