C:\USERS\LEPROV_A\WORKSPACE\TMP\RTYPE\ULTRA\DEBUG\AFRAMER.OBJ
C:\USERS\LEPROV_A\WORKSPACE\TMP\RTYPE\ULTRA\DEBUG\ATTR.OBJ
C:\USERS\LEPROV_A\WORKSPACE\TMP\RTYPE\ULTRA\DEBUG\COLOR.OBJ
C:\USERS\LEPROV_A\WORKSPACE\TMP\RTYPE\ULTRA\DEBUG\DECORATORTHREAD.OBJ
C:\USERS\LEPROV_A\WORKSPACE\TMP\RTYPE\ULTRA\DEBUG\EXCEPTION.OBJ
C:\USERS\LEPROV_A\WORKSPACE\TMP\RTYPE\ULTRA\DEBUG\INIREADER.OBJ
C:\USERS\LEPROV_A\WORKSPACE\TMP\RTYPE\ULTRA\DEBUG\INISECTION.OBJ
C:\USERS\LEPROV_A\WORKSPACE\TMP\RTYPE\ULTRA\DEBUG\SCOPELOCK.OBJ
C:\USERS\LEPROV_A\WORKSPACE\TMP\RTYPE\ULTRA\DEBUG\SLEEP.OBJ
C:\USERS\LEPROV_A\WORKSPACE\TMP\RTYPE\ULTRA\DEBUG\VALUE.OBJ
C:\USERS\LEPROV_A\WORKSPACE\TMP\RTYPE\ULTRA\DEBUG\WFRAMER.OBJ
C:\USERS\LEPROV_A\WORKSPACE\TMP\RTYPE\ULTRA\DEBUG\WMUTEX.OBJ
C:\USERS\LEPROV_A\WORKSPACE\TMP\RTYPE\ULTRA\DEBUG\WTHREAD.OBJ
C:\USERS\LEPROV_A\WORKSPACE\TMP\RTYPE\ULTRA\DEBUG\WTIMER.OBJ
C:\USERS\LEPROV_A\WORKSPACE\TMP\RTYPE\ULTRA\DEBUG\VC110.PDB
C:\USERS\LEPROV_A\WORKSPACE\TMP\RTYPE\DEBUG\ULTRA.LIB
C:\Users\leprov_a\workspace\tmp\rtype\Ultra\Debug\AFramer.obj
C:\Users\leprov_a\workspace\tmp\rtype\Ultra\Debug\Attr.obj
C:\Users\leprov_a\workspace\tmp\rtype\Ultra\Debug\Color.obj
C:\Users\leprov_a\workspace\tmp\rtype\Ultra\Debug\DecoratorThread.obj
C:\Users\leprov_a\workspace\tmp\rtype\Ultra\Debug\Exception.obj
C:\Users\leprov_a\workspace\tmp\rtype\Ultra\Debug\INIReader.obj
C:\Users\leprov_a\workspace\tmp\rtype\Ultra\Debug\INISection.obj
C:\Users\leprov_a\workspace\tmp\rtype\Ultra\Debug\ScopeLock.obj
C:\Users\leprov_a\workspace\tmp\rtype\Ultra\Debug\Sleep.obj
C:\Users\leprov_a\workspace\tmp\rtype\Ultra\Debug\Value.obj
C:\Users\leprov_a\workspace\tmp\rtype\Ultra\Debug\WFramer.obj
C:\Users\leprov_a\workspace\tmp\rtype\Ultra\Debug\WMutex.obj
C:\Users\leprov_a\workspace\tmp\rtype\Ultra\Debug\WThread.obj
C:\Users\leprov_a\workspace\tmp\rtype\Ultra\Debug\WTimer.obj
C:\Users\leprov_a\workspace\tmp\rtype\Ultra\Debug\cl.command.1.tlog
C:\Users\leprov_a\workspace\tmp\rtype\Ultra\Debug\CL.read.1.tlog
C:\Users\leprov_a\workspace\tmp\rtype\Ultra\Debug\CL.write.1.tlog
C:\Users\leprov_a\workspace\tmp\rtype\Ultra\Debug\Lib-link.read.1.tlog
C:\Users\leprov_a\workspace\tmp\rtype\Ultra\Debug\Lib-link.write.1.tlog
C:\Users\leprov_a\workspace\tmp\rtype\Ultra\Debug\lib.command.1.tlog
C:\Users\leprov_a\workspace\tmp\rtype\Ultra\Debug\vc110.idb
C:\Users\leprov_a\workspace\tmp\rtype\Ultra\Debug\vc110.pdb
C:\Users\leprov_a\workspace\tmp\rtype\Debug\Ultra.lib
